# JRE version: OpenJDK Runtime Environment (17.0.9) (build 17.0.9+0--11185874)
# Java VM: OpenJDK 64-Bit Server VM (17.0.9+0--11185874, mixed mode, tiered, compressed oops, compressed class ptrs, g1 gc, windows-amd64)
GC Precious Log:
 CPUs: 20 total, 20 available
 Memory: 16125M
 Large Page Support: Disabled
 NUMA Support: Disabled
 Compressed Oops: Enabled (32-bit)
 Heap Region Size: 1M
 Heap Min Capacity: 8M
 Heap Initial Capacity: 252M
 Heap Max Capacity: 2G
 Pre-touch: Disabled
 Parallel Workers: 15
 Concurrent Workers: 4
 Concurrent Refinement Workers: 15
 Periodic GC: Disabled
Heap:
 garbage-first heap   total 362496K, used 213954K [0x0000000080000000, 0x0000000100000000)
  region size 1024K, 29 young (29696K), 1 survivors (1024K)
 Metaspace       used 170224K, committed 171200K, reserved 1245184K
  class space    used 21975K, committed 22400K, reserved 1048576K
GC Heap History (20 events):
Event: 27.100 GC heap before
{Heap before GC invocations=92 (full 0):
 garbage-first heap   total 362496K, used 178060K [0x0000000080000000, 0x0000000100000000)
  region size 1024K, 17 young (17408K), 16 survivors (16384K)
 Metaspace       used 146743K, committed 147584K, reserved 1179648K
  class space    used 18792K, committed 19200K, reserved 1048576K
}
Event: 27.104 GC heap after
{Heap after GC invocations=93 (full 0):
 garbage-first heap   total 362496K, used 174387K [0x0000000080000000, 0x0000000100000000)
  region size 1024K, 2 young (2048K), 2 survivors (2048K)
 Metaspace       used 146743K, committed 147584K, reserved 1179648K
  class space    used 18792K, committed 19200K, reserved 1048576K
}
Event: 28.052 GC heap before
{Heap before GC invocations=93 (full 0):
 garbage-first heap   total 362496K, used 287027K [0x0000000080000000, 0x0000000100000000)
  region size 1024K, 112 young (114688K), 2 survivors (2048K)
 Metaspace       used 155451K, committed 156352K, reserved 1245184K
  class space    used 19991K, committed 20416K, reserved 1048576K
}
Event: 28.054 GC heap after
{Heap after GC invocations=94 (full 0):
 garbage-first heap   total 362496K, used 177349K [0x0000000080000000, 0x0000000100000000)
  region size 1024K, 5 young (5120K), 5 survivors (5120K)
 Metaspace       used 155451K, committed 156352K, reserved 1245184K
  class space    used 19991K, committed 20416K, reserved 1048576K
}
Event: 28.422 GC heap before
{Heap before GC invocations=94 (full 0):
 garbage-first heap   total 362496K, used 222405K [0x0000000080000000, 0x0000000100000000)
  region size 1024K, 50 young (51200K), 5 survivors (5120K)
 Metaspace       used 158863K, committed 159808K, reserved 1245184K
  class space    used 20493K, committed 20928K, reserved 1048576K
}
Event: 28.425 GC heap after
{Heap after GC invocations=95 (full 0):
 garbage-first heap   total 362496K, used 172366K [0x0000000080000000, 0x0000000100000000)
  region size 1024K, 7 young (7168K), 7 survivors (7168K)
 Metaspace       used 158863K, committed 159808K, reserved 1245184K
  class space    used 20493K, committed 20928K, reserved 1048576K
}
Event: 28.428 GC heap before
{Heap before GC invocations=95 (full 0):
 garbage-first heap   total 362496K, used 174414K [0x0000000080000000, 0x0000000100000000)
  region size 1024K, 8 young (8192K), 7 survivors (7168K)
 Metaspace       used 158863K, committed 159808K, reserved 1245184K
  class space    used 20493K, committed 20928K, reserved 1048576K
}
Event: 28.430 GC heap after
{Heap after GC invocations=96 (full 0):
 garbage-first heap   total 362496K, used 174653K [0x0000000080000000, 0x0000000100000000)
  region size 1024K, 7 young (7168K), 7 survivors (7168K)
 Metaspace       used 158863K, committed 159808K, reserved 1245184K
  class space    used 20493K, committed 20928K, reserved 1048576K
}
Event: 39.682 GC heap before
{Heap before GC invocations=97 (full 0):
 garbage-first heap   total 362496K, used 294461K [0x0000000080000000, 0x0000000100000000)
  region size 1024K, 116 young (118784K), 7 survivors (7168K)
 Metaspace       used 168129K, committed 169088K, reserved 1245184K
  class space    used 21734K, committed 22208K, reserved 1048576K
}
Event: 39.686 GC heap after
{Heap after GC invocations=98 (full 0):
 garbage-first heap   total 362496K, used 192272K [0x0000000080000000, 0x0000000100000000)
  region size 1024K, 15 young (15360K), 15 survivors (15360K)
 Metaspace       used 168129K, committed 169088K, reserved 1245184K
  class space    used 21734K, committed 22208K, reserved 1048576K
}
Event: 40.368 GC heap before
{Heap before GC invocations=98 (full 0):
 garbage-first heap   total 362496K, used 194320K [0x0000000080000000, 0x0000000100000000)
  region size 1024K, 17 young (17408K), 15 survivors (15360K)
 Metaspace       used 168162K, committed 169088K, reserved 1245184K
  class space    used 21734K, committed 22208K, reserved 1048576K
}
Event: 40.372 GC heap after
{Heap after GC invocations=99 (full 0):
 garbage-first heap   total 362496K, used 191276K [0x0000000080000000, 0x0000000100000000)
  region size 1024K, 2 young (2048K), 2 survivors (2048K)
 Metaspace       used 168162K, committed 169088K, reserved 1245184K
  class space    used 21734K, committed 22208K, reserved 1048576K
}
Event: 55.448 GC heap before
{Heap before GC invocations=99 (full 0):
 garbage-first heap   total 362496K, used 291628K [0x0000000080000000, 0x0000000100000000)
  region size 1024K, 101 young (103424K), 2 survivors (2048K)
 Metaspace       used 170043K, committed 170944K, reserved 1245184K
  class space    used 21939K, committed 22336K, reserved 1048576K
}
Event: 55.450 GC heap after
{Heap after GC invocations=100 (full 0):
 garbage-first heap   total 362496K, used 192785K [0x0000000080000000, 0x0000000100000000)
  region size 1024K, 4 young (4096K), 4 survivors (4096K)
 Metaspace       used 170043K, committed 170944K, reserved 1245184K
  class space    used 21939K, committed 22336K, reserved 1048576K
}
Event: 59.411 GC heap before
{Heap before GC invocations=101 (full 0):
 garbage-first heap   total 362496K, used 300305K [0x0000000080000000, 0x0000000100000000)
  region size 1024K, 105 young (107520K), 4 survivors (4096K)
 Metaspace       used 170221K, committed 171200K, reserved 1245184K
  class space    used 21975K, committed 22400K, reserved 1048576K
}
Event: 59.412 GC heap after
{Heap after GC invocations=102 (full 0):
 garbage-first heap   total 362496K, used 198508K [0x0000000080000000, 0x0000000100000000)
  region size 1024K, 4 young (4096K), 4 survivors (4096K)
 Metaspace       used 170221K, committed 171200K, reserved 1245184K
  class space    used 21975K, committed 22400K, reserved 1048576K
}
Event: 59.584 GC heap before
{Heap before GC invocations=102 (full 0):
 garbage-first heap   total 362496K, used 210796K [0x0000000080000000, 0x0000000100000000)
  region size 1024K, 17 young (17408K), 4 survivors (4096K)
 Metaspace       used 170221K, committed 171200K, reserved 1245184K
  class space    used 21975K, committed 22400K, reserved 1048576K
}
Event: 59.585 GC heap after
{Heap after GC invocations=103 (full 0):
 garbage-first heap   total 362496K, used 187774K [0x0000000080000000, 0x0000000100000000)
  region size 1024K, 2 young (2048K), 2 survivors (2048K)
 Metaspace       used 170221K, committed 171200K, reserved 1245184K
  class space    used 21975K, committed 22400K, reserved 1048576K
}
Event: 63.132 GC heap before
{Heap before GC invocations=103 (full 0):
 garbage-first heap   total 362496K, used 298366K [0x0000000080000000, 0x0000000100000000)
  region size 1024K, 110 young (112640K), 2 survivors (2048K)
 Metaspace       used 170222K, committed 171200K, reserved 1245184K
  class space    used 21975K, committed 22400K, reserved 1048576K
}
Event: 63.133 GC heap after
{Heap after GC invocations=104 (full 0):
 garbage-first heap   total 362496K, used 187330K [0x0000000080000000, 0x0000000100000000)
  region size 1024K, 1 young (1024K), 1 survivors (1024K)
 Metaspace       used 170222K, committed 171200K, reserved 1245184K
  class space    used 21975K, committed 22400K, reserved 1048576K
}

