# JRE version: OpenJDK Runtime Environment (17.0.9) (build 17.0.9+0--11185874)
# Java VM: OpenJDK 64-Bit Server VM (17.0.9+0--11185874, mixed mode, tiered, compressed oops, compressed class ptrs, g1 gc, windows-amd64)
GC Precious Log:
 CPUs: 20 total, 20 available
 Memory: 16125M
 Large Page Support: Disabled
 NUMA Support: Disabled
 Compressed Oops: Enabled (32-bit)
 Heap Region Size: 1M
 Heap Min Capacity: 8M
 Heap Initial Capacity: 252M
 Heap Max Capacity: 2G
 Pre-touch: Disabled
 Parallel Workers: 15
 Concurrent Workers: 4
 Concurrent Refinement Workers: 15
 Periodic GC: Disabled
Heap:
 garbage-first heap   total 352256K, used 145224K [0x0000000080000000, 0x0000000100000000)
  region size 1024K, 8 young (8192K), 8 survivors (8192K)
 Metaspace       used 154232K, committed 155008K, reserved 1245184K
  class space    used 18525K, committed 18880K, reserved 1048576K
GC Heap History (20 events):
Event: 37.254 GC heap after
{Heap after GC invocations=110 (full 0):
 garbage-first heap   total 352256K, used 149161K [0x0000000080000000, 0x0000000100000000)
  region size 1024K, 17 young (17408K), 17 survivors (17408K)
 Metaspace       used 135354K, committed 136064K, reserved 1179648K
  class space    used 16174K, committed 16512K, reserved 1048576K
}
Event: 38.313 GC heap before
{Heap before GC invocations=110 (full 0):
 garbage-first heap   total 352256K, used 296617K [0x0000000080000000, 0x0000000100000000)
  region size 1024K, 161 young (164864K), 17 survivors (17408K)
 Metaspace       used 141304K, committed 142080K, reserved 1179648K
  class space    used 17147K, committed 17536K, reserved 1048576K
}
Event: 38.316 GC heap after
{Heap after GC invocations=111 (full 0):
 garbage-first heap   total 352256K, used 146747K [0x0000000080000000, 0x0000000100000000)
  region size 1024K, 4 young (4096K), 4 survivors (4096K)
 Metaspace       used 141304K, committed 142080K, reserved 1179648K
  class space    used 17147K, committed 17536K, reserved 1048576K
}
Event: 40.864 GC heap before
{Heap before GC invocations=111 (full 0):
 garbage-first heap   total 352256K, used 299323K [0x0000000080000000, 0x0000000100000000)
  region size 1024K, 154 young (157696K), 4 survivors (4096K)
 Metaspace       used 152329K, committed 153088K, reserved 1245184K
  class space    used 18479K, committed 18816K, reserved 1048576K
}
Event: 40.871 GC heap after
{Heap after GC invocations=112 (full 0):
 garbage-first heap   total 352256K, used 152418K [0x0000000080000000, 0x0000000100000000)
  region size 1024K, 10 young (10240K), 10 survivors (10240K)
 Metaspace       used 152329K, committed 153088K, reserved 1245184K
  class space    used 18479K, committed 18816K, reserved 1048576K
}
Event: 52.031 GC heap before
{Heap before GC invocations=113 (full 0):
 garbage-first heap   total 352256K, used 291682K [0x0000000080000000, 0x0000000100000000)
  region size 1024K, 152 young (155648K), 10 survivors (10240K)
 Metaspace       used 153641K, committed 154432K, reserved 1245184K
  class space    used 18511K, committed 18880K, reserved 1048576K
}
Event: 52.035 GC heap after
{Heap after GC invocations=114 (full 0):
 garbage-first heap   total 352256K, used 149959K [0x0000000080000000, 0x0000000100000000)
  region size 1024K, 13 young (13312K), 13 survivors (13312K)
 Metaspace       used 153641K, committed 154432K, reserved 1245184K
  class space    used 18511K, committed 18880K, reserved 1048576K
}
Event: 52.163 GC heap before
{Heap before GC invocations=114 (full 0):
 garbage-first heap   total 352256K, used 154055K [0x0000000080000000, 0x0000000100000000)
  region size 1024K, 17 young (17408K), 13 survivors (13312K)
 Metaspace       used 153708K, committed 154496K, reserved 1245184K
  class space    used 18511K, committed 18880K, reserved 1048576K
}
Event: 52.167 GC heap after
{Heap after GC invocations=115 (full 0):
 garbage-first heap   total 352256K, used 134228K [0x0000000080000000, 0x0000000100000000)
  region size 1024K, 3 young (3072K), 3 survivors (3072K)
 Metaspace       used 153708K, committed 154496K, reserved 1245184K
  class space    used 18511K, committed 18880K, reserved 1048576K
}
Event: 59.007 GC heap before
{Heap before GC invocations=115 (full 0):
 garbage-first heap   total 352256K, used 294996K [0x0000000080000000, 0x0000000100000000)
  region size 1024K, 161 young (164864K), 3 survivors (3072K)
 Metaspace       used 154129K, committed 154880K, reserved 1245184K
  class space    used 18523K, committed 18880K, reserved 1048576K
}
Event: 59.008 GC heap after
{Heap after GC invocations=116 (full 0):
 garbage-first heap   total 352256K, used 134081K [0x0000000080000000, 0x0000000100000000)
  region size 1024K, 2 young (2048K), 2 survivors (2048K)
 Metaspace       used 154129K, committed 154880K, reserved 1245184K
  class space    used 18523K, committed 18880K, reserved 1048576K
}
Event: 67.403 GC heap before
{Heap before GC invocations=116 (full 0):
 garbage-first heap   total 352256K, used 300993K [0x0000000080000000, 0x0000000100000000)
  region size 1024K, 164 young (167936K), 2 survivors (2048K)
 Metaspace       used 154170K, committed 154944K, reserved 1245184K
  class space    used 18523K, committed 18880K, reserved 1048576K
}
Event: 67.405 GC heap after
{Heap after GC invocations=117 (full 0):
 garbage-first heap   total 352256K, used 137063K [0x0000000080000000, 0x0000000100000000)
  region size 1024K, 3 young (3072K), 3 survivors (3072K)
 Metaspace       used 154170K, committed 154944K, reserved 1245184K
  class space    used 18523K, committed 18880K, reserved 1048576K
}
Event: 67.449 GC heap before
{Heap before GC invocations=117 (full 0):
 garbage-first heap   total 352256K, used 303975K [0x0000000080000000, 0x0000000100000000)
  region size 1024K, 164 young (167936K), 3 survivors (3072K)
 Metaspace       used 154190K, committed 154944K, reserved 1245184K
  class space    used 18525K, committed 18880K, reserved 1048576K
}
Event: 67.452 GC heap after
{Heap after GC invocations=118 (full 0):
 garbage-first heap   total 352256K, used 141894K [0x0000000080000000, 0x0000000100000000)
  region size 1024K, 5 young (5120K), 5 survivors (5120K)
 Metaspace       used 154190K, committed 154944K, reserved 1245184K
  class space    used 18525K, committed 18880K, reserved 1048576K
}
Event: 67.498 GC heap before
{Heap before GC invocations=118 (full 0):
 garbage-first heap   total 352256K, used 301638K [0x0000000080000000, 0x0000000100000000)
  region size 1024K, 162 young (165888K), 5 survivors (5120K)
 Metaspace       used 154204K, committed 154944K, reserved 1245184K
  class space    used 18525K, committed 18880K, reserved 1048576K
}
Event: 67.500 GC heap after
{Heap after GC invocations=119 (full 0):
 garbage-first heap   total 352256K, used 142941K [0x0000000080000000, 0x0000000100000000)
  region size 1024K, 6 young (6144K), 6 survivors (6144K)
 Metaspace       used 154204K, committed 154944K, reserved 1245184K
  class space    used 18525K, committed 18880K, reserved 1048576K
}
Event: 67.540 GC heap before
{Heap before GC invocations=119 (full 0):
 garbage-first heap   total 352256K, used 303709K [0x0000000080000000, 0x0000000100000000)
  region size 1024K, 163 young (166912K), 6 survivors (6144K)
 Metaspace       used 154230K, committed 155008K, reserved 1245184K
  class space    used 18525K, committed 18880K, reserved 1048576K
}
Event: 67.544 GC heap after
{Heap after GC invocations=120 (full 0):
 garbage-first heap   total 352256K, used 146486K [0x0000000080000000, 0x0000000100000000)
  region size 1024K, 9 young (9216K), 9 survivors (9216K)
 Metaspace       used 154230K, committed 155008K, reserved 1245184K
  class space    used 18525K, committed 18880K, reserved 1048576K
}
Event: 67.583 GC heap before
{Heap before GC invocations=120 (full 0):
 garbage-first heap   total 352256K, used 303158K [0x0000000080000000, 0x0000000100000000)
  region size 1024K, 162 young (165888K), 9 survivors (9216K)
 Metaspace       used 154232K, committed 155008K, reserved 1245184K
  class space    used 18525K, committed 18880K, reserved 1048576K
}

